<?xml version="1.0" encoding="UTF-8"?>
<!-- Generated by org.testng.reporters.JUnitReportReporter -->
<testsuite skipped="1" hostname="DESKTOP-QLSUIR3" name="IBM.AppiumAssignment.Testcases" tests="5" failures="0" timestamp="29 Dec 2020 15:16:51 GMT" time="85.766" errors="0">
  <testcase name="login" time="34.856" classname="IBM.AppiumAssignment.Testcases"/>
  <testcase name="joinClass" time="21.411" classname="IBM.AppiumAssignment.Testcases"/>
  <testcase name="manageTeachers" time="21.013" classname="IBM.AppiumAssignment.Testcases"/>
  <testcase name="enableAutoDownload" time="8.486" classname="IBM.AppiumAssignment.Testcases"/>
  <testcase name="termsOfService" classname="IBM.AppiumAssignment.Testcases">
    <skipped/>
  </testcase> <!-- termsOfService -->
</testsuite> <!-- IBM.AppiumAssignment.Testcases -->
